Determining if the pthread_create exist failed with the following output:
Change Dir: /home/nvidia/YOLOv3/deepstream_reference_apps/yolo/plugins/gst-yoloplugin-tegra/build/CMakeFiles/CMakeTmp

Run Build Command:"/usr/bin/make" "cmTC_8a8c1/fast"
/usr/bin/make -f CMakeFiles/cmTC_8a8c1.dir/build.make CMakeFiles/cmTC_8a8c1.dir/build
make[1]: Entering directory '/home/nvidia/YOLOv3/deepstream_reference_apps/yolo/plugins/gst-yoloplugin-tegra/build/CMakeFiles/CMakeTmp'
Building CXX object CMakeFiles/cmTC_8a8c1.dir/CheckSymbolExists.cxx.o
/usr/bin/c++    -fPIC -std=c++11 -Wall -Wunused-function -Wunused-variable -Wfatal-errors    -o CMakeFiles/cmTC_8a8c1.dir/CheckSymbolExists.cxx.o -c /home/nvidia/YOLOv3/deepstream_reference_apps/yolo/plugins/gst-yoloplugin-tegra/build/CMakeFiles/CMakeTmp/CheckSymbolExists.cxx
Linking CXX executable cmTC_8a8c1
/usr/bin/cmake -E cmake_link_script CMakeFiles/cmTC_8a8c1.dir/link.txt --verbose=1
/usr/bin/c++  -fPIC -std=c++11 -Wall -Wunused-function -Wunused-variable -Wfatal-errors     CMakeFiles/cmTC_8a8c1.dir/CheckSymbolExists.cxx.o  -o cmTC_8a8c1 
CMakeFiles/cmTC_8a8c1.dir/CheckSymbolExists.cxx.o: In function `main':
CheckSymbolExists.cxx:(.text+0x14): undefined reference to `pthread_create'
CheckSymbolExists.cxx:(.text+0x18): undefined reference to `pthread_create'
collect2: error: ld returned 1 exit status
CMakeFiles/cmTC_8a8c1.dir/build.make:97: recipe for target 'cmTC_8a8c1' failed
make[1]: *** [cmTC_8a8c1] Error 1
make[1]: Leaving directory '/home/nvidia/YOLOv3/deepstream_reference_apps/yolo/plugins/gst-yoloplugin-tegra/build/CMakeFiles/CMakeTmp'
Makefile:126: recipe for target 'cmTC_8a8c1/fast' failed
make: *** [cmTC_8a8c1/fast] Error 2

File /home/nvidia/YOLOv3/deepstream_reference_apps/yolo/plugins/gst-yoloplugin-tegra/build/CMakeFiles/CMakeTmp/CheckSymbolExists.cxx:
/* */
#include <pthread.h>

int main(int argc, char** argv)
{
  (void)argv;
#ifndef pthread_create
  return ((int*)(&pthread_create))[argc];
#else
  (void)argc;
  return 0;
#endif
}

Determining if the function pthread_create exists in the pthreads failed with the following output:
Change Dir: /home/nvidia/YOLOv3/deepstream_reference_apps/yolo/plugins/gst-yoloplugin-tegra/build/CMakeFiles/CMakeTmp

Run Build Command:"/usr/bin/make" "cmTC_b6248/fast"
/usr/bin/make -f CMakeFiles/cmTC_b6248.dir/build.make CMakeFiles/cmTC_b6248.dir/build
make[1]: Entering directory '/home/nvidia/YOLOv3/deepstream_reference_apps/yolo/plugins/gst-yoloplugin-tegra/build/CMakeFiles/CMakeTmp'
Building CXX object CMakeFiles/cmTC_b6248.dir/CheckFunctionExists.cxx.o
/usr/bin/c++    -fPIC -std=c++11 -Wall -Wunused-function -Wunused-variable -Wfatal-errors -DCHECK_FUNCTION_EXISTS=pthread_create   -o CMakeFiles/cmTC_b6248.dir/CheckFunctionExists.cxx.o -c /home/nvidia/YOLOv3/deepstream_reference_apps/yolo/plugins/gst-yoloplugin-tegra/build/CMakeFiles/CheckLibraryExists/CheckFunctionExists.cxx
Linking CXX executable cmTC_b6248
/usr/bin/cmake -E cmake_link_script CMakeFiles/cmTC_b6248.dir/link.txt --verbose=1
/usr/bin/c++  -fPIC -std=c++11 -Wall -Wunused-function -Wunused-variable -Wfatal-errors -DCHECK_FUNCTION_EXISTS=pthread_create    CMakeFiles/cmTC_b6248.dir/CheckFunctionExists.cxx.o  -o cmTC_b6248 -lpthreads 
/usr/bin/ld: cannot find -lpthreads
collect2: error: ld returned 1 exit status
CMakeFiles/cmTC_b6248.dir/build.make:97: recipe for target 'cmTC_b6248' failed
make[1]: *** [cmTC_b6248] Error 1
make[1]: Leaving directory '/home/nvidia/YOLOv3/deepstream_reference_apps/yolo/plugins/gst-yoloplugin-tegra/build/CMakeFiles/CMakeTmp'
Makefile:126: recipe for target 'cmTC_b6248/fast' failed
make: *** [cmTC_b6248/fast] Error 2


